-- The C compiler identification is GNU 11.4.0
-- The CXX compiler identification is GNU 11.4.0
-- Detecting C compiler ABI info
-- Detecting C compiler ABI info - done
-- Check for working C compiler: /usr/bin/cc - skipped
-- Detecting C compile features
-- Detecting C compile features - done
-- Detecting CXX compiler ABI info
-- Detecting CXX compiler ABI info - done
-- Check for working CXX compiler: /usr/bin/c++ - skipped
-- Detecting CXX compile features
-- Detecting CXX compile features - done
-- Found ament_cmake: 1.3.5 (/opt/ros/humble/share/ament_cmake/cmake)
-- Found Python3: /usr/bin/python3.10 (found version "3.10.12") found components: Interpreter 
-- Found rclcpp: 16.0.5 (/opt/ros/humble/share/rclcpp/cmake)
-- Found rosidl_generator_c: 3.1.5 (/opt/ros/humble/share/rosidl_generator_c/cmake)
-- Found rosidl_adapter: 3.1.5 (/opt/ros/humble/share/rosidl_adapter/cmake)
-- Found rosidl_generator_cpp: 3.1.5 (/opt/ros/humble/share/rosidl_generator_cpp/cmake)
-- Using all available rosidl_typesupport_c: rosidl_typesupport_fastrtps_c;rosidl_typesupport_introspection_c
-- Using all available rosidl_typesupport_cpp: rosidl_typesupport_fastrtps_cpp;rosidl_typesupport_introspection_cpp
-- Found rmw_implementation_cmake: 6.1.1 (/opt/ros/humble/share/rmw_implementation_cmake/cmake)
-- Found rmw_fastrtps_cpp: 6.2.3 (/opt/ros/humble/share/rmw_fastrtps_cpp/cmake)
-- Found OpenSSL: /usr/lib/x86_64-linux-gnu/libcrypto.so (found version "3.0.2")  
-- Found FastRTPS: /opt/ros/humble/include  
-- Using RMW implementation 'rmw_fastrtps_cpp' as default
-- Looking for pthread.h
-- Looking for pthread.h - found
-- Performing Test CMAKE_HAVE_LIBC_PTHREAD
-- Performing Test CMAKE_HAVE_LIBC_PTHREAD - Success
-- Found Threads: TRUE  
-- Found my_interface: 0.0.0 (/home/avent/Public/MyProjects/MosqiBot/Host/install/my_interface/share/my_interface/cmake)
-- Found OpenCV: /usr (found version "4.5.4") 
-- Found cv_bridge: 3.2.1 (/opt/ros/humble/share/cv_bridge/cmake)
-- Configuring done
-- Generating done
-- Build files have been written to: /home/avent/Public/MyProjects/MosqiBot/Host/build/mosqibot
[ 16%] Building CXX object CMakeFiles/mosqibot.dir/include/Task.cpp.o
[ 33%] Building CXX object CMakeFiles/mosqibot.dir/lib/Projector.cpp.o
[ 50%] Building CXX object CMakeFiles/mosqibot.dir/include/nodes.cpp.o
[ 66%] Building CXX object CMakeFiles/mosqibot.dir/src/client_node.cpp.o
[ 83%] Building CXX object CMakeFiles/mosqibot.dir/lib/FocusStacking.cpp.o
In file included from /home/avent/Public/MyProjects/MosqiBot/Host/src/mosqibot/lib/Projector.cpp:1:
/home/avent/Public/MyProjects/MosqiBot/Host/src/mosqibot/lib/Projector.h: In constructor ‘Projector::Projector(const string&, const Point2f&, float)’:
/home/avent/Public/MyProjects/MosqiBot/Host/src/mosqibot/lib/Projector.h:45:23: warning: ‘Projector::tvec_’ will be initialized after [-Wreorder]
   45 |     const cv::Point2f tvec_;                             // translation vector
      |                       ^~~~~
/home/avent/Public/MyProjects/MosqiBot/Host/src/mosqibot/lib/Projector.h:44:17: warning:   ‘const float Projector::depth_’ [-Wreorder]
   44 |     const float depth_;                                  // depth
      |                 ^~~~~~
/home/avent/Public/MyProjects/MosqiBot/Host/src/mosqibot/lib/Projector.cpp:4:1: warning:   when initialized here [-Wreorder]
    4 | Projector::Projector(const std::string& camera_info_path, const cv::Point2f& tvec, float depth)
      | ^~~~~~~~~
/home/avent/Public/MyProjects/MosqiBot/Host/src/mosqibot/lib/Projector.cpp: In member function ‘void Projector::detect(const cv::Mat&, cv::Mat&) const’:
/home/avent/Public/MyProjects/MosqiBot/Host/src/mosqibot/lib/Projector.cpp:140:13: warning: unused variable ‘area’ [-Wunused-variable]
  140 |         int area = stats.at<int>(i, cv::CC_STAT_AREA);
      |             ^~~~
[100%] Linking CXX executable mosqibot
[100%] Built target mosqibot
-- Install configuration: "Release"
-- Installing: /home/avent/Public/MyProjects/MosqiBot/Host/install/mosqibot/lib/mosqibot/mosqibot
-- Set runtime path of "/home/avent/Public/MyProjects/MosqiBot/Host/install/mosqibot/lib/mosqibot/mosqibot" to ""
-- Installing: /home/avent/Public/MyProjects/MosqiBot/Host/install/mosqibot/share/mosqibot/launch
-- Installing: /home/avent/Public/MyProjects/MosqiBot/Host/install/mosqibot/share/mosqibot/launch/mosqibot.launch.py
-- Installing: /home/avent/Public/MyProjects/MosqiBot/Host/install/mosqibot/share/mosqibot/launch/v4l2.launch.py
-- Installing: /home/avent/Public/MyProjects/MosqiBot/Host/install/mosqibot/share/mosqibot/param
-- Installing: /home/avent/Public/MyProjects/MosqiBot/Host/install/mosqibot/share/mosqibot/param/camera_info.yaml
-- Installing: /home/avent/Public/MyProjects/MosqiBot/Host/install/mosqibot/share/mosqibot/param/camera_setting.yaml
-- Installing: /home/avent/Public/MyProjects/MosqiBot/Host/install/mosqibot/share/ament_index/resource_index/package_run_dependencies/mosqibot
-- Installing: /home/avent/Public/MyProjects/MosqiBot/Host/install/mosqibot/share/ament_index/resource_index/parent_prefix_path/mosqibot
-- Installing: /home/avent/Public/MyProjects/MosqiBot/Host/install/mosqibot/share/mosqibot/environment/ament_prefix_path.sh
-- Installing: /home/avent/Public/MyProjects/MosqiBot/Host/install/mosqibot/share/mosqibot/environment/ament_prefix_path.dsv
-- Installing: /home/avent/Public/MyProjects/MosqiBot/Host/install/mosqibot/share/mosqibot/environment/path.sh
-- Installing: /home/avent/Public/MyProjects/MosqiBot/Host/install/mosqibot/share/mosqibot/environment/path.dsv
-- Installing: /home/avent/Public/MyProjects/MosqiBot/Host/install/mosqibot/share/mosqibot/local_setup.bash
-- Installing: /home/avent/Public/MyProjects/MosqiBot/Host/install/mosqibot/share/mosqibot/local_setup.sh
-- Installing: /home/avent/Public/MyProjects/MosqiBot/Host/install/mosqibot/share/mosqibot/local_setup.zsh
-- Installing: /home/avent/Public/MyProjects/MosqiBot/Host/install/mosqibot/share/mosqibot/local_setup.dsv
-- Installing: /home/avent/Public/MyProjects/MosqiBot/Host/install/mosqibot/share/mosqibot/package.dsv
-- Installing: /home/avent/Public/MyProjects/MosqiBot/Host/install/mosqibot/share/ament_index/resource_index/packages/mosqibot
-- Installing: /home/avent/Public/MyProjects/MosqiBot/Host/install/mosqibot/share/mosqibot/cmake/mosqibotConfig.cmake
-- Installing: /home/avent/Public/MyProjects/MosqiBot/Host/install/mosqibot/share/mosqibot/cmake/mosqibotConfig-version.cmake
-- Installing: /home/avent/Public/MyProjects/MosqiBot/Host/install/mosqibot/share/mosqibot/package.xml
