[0.172s] Invoking command in '/home/avent/Public/MyProjects/MosqiBot/Host/build/mosqibot': CMAKE_PREFIX_PATH=/home/avent/Public/MyProjects/MosqiBot/Host/install/my_interface:/home/avent/Public/MyProjects/MosqiBot/Host/install/qt_ui_test:/home/avent/Public/MyProjects/MosqiBot/Host/install/qt_ui:/home/avent/Public/MyProjects/MosqiBot/Host/install/camera_client:/home/avent/Public/MyProjects/MosqiBot/Host/install/camera_client_noui:/home/avent/Public/MyProjects/MosqiBot/ROS2-QT/install/qt_ui_test:/home/avent/Public/MyProjects/MosqiBot/ROS2-QT/install/camera_client_noui:/home/avent/Public/MyProjects/MosqiBot/ROS2-QT/install/camera_client:/home/avent/Public/MyProjects/MosqiBot/ROS2-QT/install/my_interface:/home/avent/Public/MyProjects/MosqiBot/ROS2-QT/install/qtui:/home/avent/Public/MyProjects/MosqiBot/ROS2-QT/install/qt_ui:/home/avent/Public/MyProjects/MosqiBot/Host/install/arduino_pkg:/home/avent/Public/MyProjects/MosqiBot/ROS2-QT/install/arduino_pkg:/opt/ros/humble /usr/bin/cmake /home/avent/Public/MyProjects/MosqiBot/Host/src/mosqibot -G CodeBlocks - Unix Makefiles -DCMAKE_BUILD_TYPE=Release -DCMAKE_INSTALL_PREFIX=/home/avent/Public/MyProjects/MosqiBot/Host/install/mosqibot
[0.204s] -- The C compiler identification is GNU 11.4.0
[0.239s] -- The CXX compiler identification is GNU 11.4.0
[0.269s] -- Detecting C compiler ABI info
[0.310s] -- Detecting C compiler ABI info - done
[0.319s] -- Check for working C compiler: /usr/bin/cc - skipped
[0.319s] -- Detecting C compile features
[0.320s] -- Detecting C compile features - done
[0.323s] -- Detecting CXX compiler ABI info
[0.373s] -- Detecting CXX compiler ABI info - done
[0.378s] -- Check for working CXX compiler: /usr/bin/c++ - skipped
[0.378s] -- Detecting CXX compile features
[0.378s] -- Detecting CXX compile features - done
[0.380s] -- Found ament_cmake: 1.3.5 (/opt/ros/humble/share/ament_cmake/cmake)
[0.491s] -- Found Python3: /usr/bin/python3.10 (found version "3.10.12") found components: Interpreter 
[0.546s] -- Found rclcpp: 16.0.5 (/opt/ros/humble/share/rclcpp/cmake)
[0.573s] -- Found rosidl_generator_c: 3.1.5 (/opt/ros/humble/share/rosidl_generator_c/cmake)
[0.577s] -- Found rosidl_adapter: 3.1.5 (/opt/ros/humble/share/rosidl_adapter/cmake)
[0.582s] -- Found rosidl_generator_cpp: 3.1.5 (/opt/ros/humble/share/rosidl_generator_cpp/cmake)
[0.591s] -- Using all available rosidl_typesupport_c: rosidl_typesupport_fastrtps_c;rosidl_typesupport_introspection_c
[0.610s] -- Using all available rosidl_typesupport_cpp: rosidl_typesupport_fastrtps_cpp;rosidl_typesupport_introspection_cpp
[0.650s] -- Found rmw_implementation_cmake: 6.1.1 (/opt/ros/humble/share/rmw_implementation_cmake/cmake)
[0.652s] -- Found rmw_fastrtps_cpp: 6.2.3 (/opt/ros/humble/share/rmw_fastrtps_cpp/cmake)
[0.712s] -- Found OpenSSL: /usr/lib/x86_64-linux-gnu/libcrypto.so (found version "3.0.2")  
[0.729s] -- Found FastRTPS: /opt/ros/humble/include  
[0.757s] -- Using RMW implementation 'rmw_fastrtps_cpp' as default
[0.763s] -- Looking for pthread.h
[0.807s] -- Looking for pthread.h - found
[0.807s] -- Performing Test CMAKE_HAVE_LIBC_PTHREAD
[0.852s] -- Performing Test CMAKE_HAVE_LIBC_PTHREAD - Success
[0.853s] -- Found Threads: TRUE  
[0.972s] -- Found my_interface: 0.0.0 (/home/avent/Public/MyProjects/MosqiBot/Host/install/my_interface/share/my_interface/cmake)
[1.000s] -- Found OpenCV: /usr (found version "4.5.4") 
[1.001s] -- Found cv_bridge: 3.2.1 (/opt/ros/humble/share/cv_bridge/cmake)
[1.125s] -- Configuring done
[1.141s] -- Generating done
[1.141s] -- Build files have been written to: /home/avent/Public/MyProjects/MosqiBot/Host/build/mosqibot
[1.148s] Invoked command in '/home/avent/Public/MyProjects/MosqiBot/Host/build/mosqibot' returned '0': CMAKE_PREFIX_PATH=/home/avent/Public/MyProjects/MosqiBot/Host/install/my_interface:/home/avent/Public/MyProjects/MosqiBot/Host/install/qt_ui_test:/home/avent/Public/MyProjects/MosqiBot/Host/install/qt_ui:/home/avent/Public/MyProjects/MosqiBot/Host/install/camera_client:/home/avent/Public/MyProjects/MosqiBot/Host/install/camera_client_noui:/home/avent/Public/MyProjects/MosqiBot/ROS2-QT/install/qt_ui_test:/home/avent/Public/MyProjects/MosqiBot/ROS2-QT/install/camera_client_noui:/home/avent/Public/MyProjects/MosqiBot/ROS2-QT/install/camera_client:/home/avent/Public/MyProjects/MosqiBot/ROS2-QT/install/my_interface:/home/avent/Public/MyProjects/MosqiBot/ROS2-QT/install/qtui:/home/avent/Public/MyProjects/MosqiBot/ROS2-QT/install/qt_ui:/home/avent/Public/MyProjects/MosqiBot/Host/install/arduino_pkg:/home/avent/Public/MyProjects/MosqiBot/ROS2-QT/install/arduino_pkg:/opt/ros/humble /usr/bin/cmake /home/avent/Public/MyProjects/MosqiBot/Host/src/mosqibot -G CodeBlocks - Unix Makefiles -DCMAKE_BUILD_TYPE=Release -DCMAKE_INSTALL_PREFIX=/home/avent/Public/MyProjects/MosqiBot/Host/install/mosqibot
[1.148s] Invoking command in '/home/avent/Public/MyProjects/MosqiBot/Host/build/mosqibot': CMAKE_PREFIX_PATH=/home/avent/Public/MyProjects/MosqiBot/Host/install/my_interface:/home/avent/Public/MyProjects/MosqiBot/Host/install/qt_ui_test:/home/avent/Public/MyProjects/MosqiBot/Host/install/qt_ui:/home/avent/Public/MyProjects/MosqiBot/Host/install/camera_client:/home/avent/Public/MyProjects/MosqiBot/Host/install/camera_client_noui:/home/avent/Public/MyProjects/MosqiBot/ROS2-QT/install/qt_ui_test:/home/avent/Public/MyProjects/MosqiBot/ROS2-QT/install/camera_client_noui:/home/avent/Public/MyProjects/MosqiBot/ROS2-QT/install/camera_client:/home/avent/Public/MyProjects/MosqiBot/ROS2-QT/install/my_interface:/home/avent/Public/MyProjects/MosqiBot/ROS2-QT/install/qtui:/home/avent/Public/MyProjects/MosqiBot/ROS2-QT/install/qt_ui:/home/avent/Public/MyProjects/MosqiBot/Host/install/arduino_pkg:/home/avent/Public/MyProjects/MosqiBot/ROS2-QT/install/arduino_pkg:/opt/ros/humble /usr/bin/cmake --build /home/avent/Public/MyProjects/MosqiBot/Host/build/mosqibot -- -j16 -l16
[1.177s] [ 16%] Building CXX object CMakeFiles/mosqibot.dir/include/Task.cpp.o
[1.177s] [ 33%] Building CXX object CMakeFiles/mosqibot.dir/lib/Projector.cpp.o
[1.178s] [ 50%] Building CXX object CMakeFiles/mosqibot.dir/include/nodes.cpp.o
[1.178s] [ 66%] Building CXX object CMakeFiles/mosqibot.dir/src/client_node.cpp.o
[1.178s] [ 83%] Building CXX object CMakeFiles/mosqibot.dir/lib/FocusStacking.cpp.o
[2.314s] In file included from /home/avent/Public/MyProjects/MosqiBot/Host/src/mosqibot/lib/Projector.cpp:1:
[2.314s] /home/avent/Public/MyProjects/MosqiBot/Host/src/mosqibot/lib/Projector.h: In constructor ‘Projector::Projector(const string&, const Point2f&, float)’:
[2.314s] /home/avent/Public/MyProjects/MosqiBot/Host/src/mosqibot/lib/Projector.h:45:23: warning: ‘Projector::tvec_’ will be initialized after [-Wreorder]
[2.314s]    45 |     const cv::Point2f tvec_;                             // translation vector
[2.314s]       |                       ^~~~~
[2.314s] /home/avent/Public/MyProjects/MosqiBot/Host/src/mosqibot/lib/Projector.h:44:17: warning:   ‘const float Projector::depth_’ [-Wreorder]
[2.315s]    44 |     const float depth_;                                  // depth
[2.315s]       |                 ^~~~~~
[2.315s] /home/avent/Public/MyProjects/MosqiBot/Host/src/mosqibot/lib/Projector.cpp:4:1: warning:   when initialized here [-Wreorder]
[2.315s]     4 | Projector::Projector(const std::string& camera_info_path, const cv::Point2f& tvec, float depth)
[2.315s]       | ^~~~~~~~~
[2.337s] /home/avent/Public/MyProjects/MosqiBot/Host/src/mosqibot/lib/Projector.cpp: In member function ‘void Projector::detect(const cv::Mat&, cv::Mat&) const’:
[2.337s] /home/avent/Public/MyProjects/MosqiBot/Host/src/mosqibot/lib/Projector.cpp:140:13: warning: unused variable ‘area’ [-Wunused-variable]
[2.337s]   140 |         int area = stats.at<int>(i, cv::CC_STAT_AREA);
[2.337s]       |             ^~~~
[11.890s] [100%] Linking CXX executable mosqibot
[12.121s] [100%] Built target mosqibot
[12.131s] Invoked command in '/home/avent/Public/MyProjects/MosqiBot/Host/build/mosqibot' returned '0': CMAKE_PREFIX_PATH=/home/avent/Public/MyProjects/MosqiBot/Host/install/my_interface:/home/avent/Public/MyProjects/MosqiBot/Host/install/qt_ui_test:/home/avent/Public/MyProjects/MosqiBot/Host/install/qt_ui:/home/avent/Public/MyProjects/MosqiBot/Host/install/camera_client:/home/avent/Public/MyProjects/MosqiBot/Host/install/camera_client_noui:/home/avent/Public/MyProjects/MosqiBot/ROS2-QT/install/qt_ui_test:/home/avent/Public/MyProjects/MosqiBot/ROS2-QT/install/camera_client_noui:/home/avent/Public/MyProjects/MosqiBot/ROS2-QT/install/camera_client:/home/avent/Public/MyProjects/MosqiBot/ROS2-QT/install/my_interface:/home/avent/Public/MyProjects/MosqiBot/ROS2-QT/install/qtui:/home/avent/Public/MyProjects/MosqiBot/ROS2-QT/install/qt_ui:/home/avent/Public/MyProjects/MosqiBot/Host/install/arduino_pkg:/home/avent/Public/MyProjects/MosqiBot/ROS2-QT/install/arduino_pkg:/opt/ros/humble /usr/bin/cmake --build /home/avent/Public/MyProjects/MosqiBot/Host/build/mosqibot -- -j16 -l16
[12.159s] Invoking command in '/home/avent/Public/MyProjects/MosqiBot/Host/build/mosqibot': CMAKE_PREFIX_PATH=/home/avent/Public/MyProjects/MosqiBot/Host/install/my_interface:/home/avent/Public/MyProjects/MosqiBot/Host/install/qt_ui_test:/home/avent/Public/MyProjects/MosqiBot/Host/install/qt_ui:/home/avent/Public/MyProjects/MosqiBot/Host/install/camera_client:/home/avent/Public/MyProjects/MosqiBot/Host/install/camera_client_noui:/home/avent/Public/MyProjects/MosqiBot/ROS2-QT/install/qt_ui_test:/home/avent/Public/MyProjects/MosqiBot/ROS2-QT/install/camera_client_noui:/home/avent/Public/MyProjects/MosqiBot/ROS2-QT/install/camera_client:/home/avent/Public/MyProjects/MosqiBot/ROS2-QT/install/my_interface:/home/avent/Public/MyProjects/MosqiBot/ROS2-QT/install/qtui:/home/avent/Public/MyProjects/MosqiBot/ROS2-QT/install/qt_ui:/home/avent/Public/MyProjects/MosqiBot/Host/install/arduino_pkg:/home/avent/Public/MyProjects/MosqiBot/ROS2-QT/install/arduino_pkg:/opt/ros/humble /usr/bin/cmake --install /home/avent/Public/MyProjects/MosqiBot/Host/build/mosqibot
[12.167s] -- Install configuration: "Release"
[12.167s] -- Installing: /home/avent/Public/MyProjects/MosqiBot/Host/install/mosqibot/lib/mosqibot/mosqibot
[12.167s] -- Set runtime path of "/home/avent/Public/MyProjects/MosqiBot/Host/install/mosqibot/lib/mosqibot/mosqibot" to ""
[12.167s] -- Installing: /home/avent/Public/MyProjects/MosqiBot/Host/install/mosqibot/share/mosqibot/launch
[12.167s] -- Installing: /home/avent/Public/MyProjects/MosqiBot/Host/install/mosqibot/share/mosqibot/launch/mosqibot.launch.py
[12.167s] -- Installing: /home/avent/Public/MyProjects/MosqiBot/Host/install/mosqibot/share/mosqibot/launch/v4l2.launch.py
[12.167s] -- Installing: /home/avent/Public/MyProjects/MosqiBot/Host/install/mosqibot/share/mosqibot/param
[12.167s] -- Installing: /home/avent/Public/MyProjects/MosqiBot/Host/install/mosqibot/share/mosqibot/param/camera_info.yaml
[12.168s] -- Installing: /home/avent/Public/MyProjects/MosqiBot/Host/install/mosqibot/share/mosqibot/param/camera_setting.yaml
[12.168s] -- Installing: /home/avent/Public/MyProjects/MosqiBot/Host/install/mosqibot/share/ament_index/resource_index/package_run_dependencies/mosqibot
[12.168s] -- Installing: /home/avent/Public/MyProjects/MosqiBot/Host/install/mosqibot/share/ament_index/resource_index/parent_prefix_path/mosqibot
[12.168s] -- Installing: /home/avent/Public/MyProjects/MosqiBot/Host/install/mosqibot/share/mosqibot/environment/ament_prefix_path.sh
[12.168s] -- Installing: /home/avent/Public/MyProjects/MosqiBot/Host/install/mosqibot/share/mosqibot/environment/ament_prefix_path.dsv
[12.168s] -- Installing: /home/avent/Public/MyProjects/MosqiBot/Host/install/mosqibot/share/mosqibot/environment/path.sh
[12.168s] -- Installing: /home/avent/Public/MyProjects/MosqiBot/Host/install/mosqibot/share/mosqibot/environment/path.dsv
[12.168s] -- Installing: /home/avent/Public/MyProjects/MosqiBot/Host/install/mosqibot/share/mosqibot/local_setup.bash
[12.168s] -- Installing: /home/avent/Public/MyProjects/MosqiBot/Host/install/mosqibot/share/mosqibot/local_setup.sh
[12.168s] -- Installing: /home/avent/Public/MyProjects/MosqiBot/Host/install/mosqibot/share/mosqibot/local_setup.zsh
[12.168s] -- Installing: /home/avent/Public/MyProjects/MosqiBot/Host/install/mosqibot/share/mosqibot/local_setup.dsv
[12.168s] -- Installing: /home/avent/Public/MyProjects/MosqiBot/Host/install/mosqibot/share/mosqibot/package.dsv
[12.168s] -- Installing: /home/avent/Public/MyProjects/MosqiBot/Host/install/mosqibot/share/ament_index/resource_index/packages/mosqibot
[12.168s] -- Installing: /home/avent/Public/MyProjects/MosqiBot/Host/install/mosqibot/share/mosqibot/cmake/mosqibotConfig.cmake
[12.168s] -- Installing: /home/avent/Public/MyProjects/MosqiBot/Host/install/mosqibot/share/mosqibot/cmake/mosqibotConfig-version.cmake
[12.168s] -- Installing: /home/avent/Public/MyProjects/MosqiBot/Host/install/mosqibot/share/mosqibot/package.xml
[12.170s] Invoked command in '/home/avent/Public/MyProjects/MosqiBot/Host/build/mosqibot' returned '0': CMAKE_PREFIX_PATH=/home/avent/Public/MyProjects/MosqiBot/Host/install/my_interface:/home/avent/Public/MyProjects/MosqiBot/Host/install/qt_ui_test:/home/avent/Public/MyProjects/MosqiBot/Host/install/qt_ui:/home/avent/Public/MyProjects/MosqiBot/Host/install/camera_client:/home/avent/Public/MyProjects/MosqiBot/Host/install/camera_client_noui:/home/avent/Public/MyProjects/MosqiBot/ROS2-QT/install/qt_ui_test:/home/avent/Public/MyProjects/MosqiBot/ROS2-QT/install/camera_client_noui:/home/avent/Public/MyProjects/MosqiBot/ROS2-QT/install/camera_client:/home/avent/Public/MyProjects/MosqiBot/ROS2-QT/install/my_interface:/home/avent/Public/MyProjects/MosqiBot/ROS2-QT/install/qtui:/home/avent/Public/MyProjects/MosqiBot/ROS2-QT/install/qt_ui:/home/avent/Public/MyProjects/MosqiBot/Host/install/arduino_pkg:/home/avent/Public/MyProjects/MosqiBot/ROS2-QT/install/arduino_pkg:/opt/ros/humble /usr/bin/cmake --install /home/avent/Public/MyProjects/MosqiBot/Host/build/mosqibot
