[0.422s] Invoking command in '/home/avent/Public/MyProjects/MosqiBot/Host/src/arduino_pkg': CMAKE_PREFIX_PATH=/home/avent/Public/MyProjects/MosqiBot/Host/install/my_interface:/home/avent/Public/MyProjects/MosqiBot/Host/install/qt_ui_test:/home/avent/Public/MyProjects/MosqiBot/Host/install/qt_ui:/home/avent/Public/MyProjects/MosqiBot/Host/install/camera_client:/home/avent/Public/MyProjects/MosqiBot/Host/install/camera_client_noui:/home/avent/Public/MyProjects/MosqiBot/ROS2-QT/install/qt_ui_test:/home/avent/Public/MyProjects/MosqiBot/ROS2-QT/install/camera_client_noui:/home/avent/Public/MyProjects/MosqiBot/ROS2-QT/install/camera_client:/home/avent/Public/MyProjects/MosqiBot/ROS2-QT/install/my_interface:/home/avent/Public/MyProjects/MosqiBot/ROS2-QT/install/qtui:/home/avent/Public/MyProjects/MosqiBot/ROS2-QT/install/qt_ui PYTHONPATH=/home/avent/Public/MyProjects/MosqiBot/Host/build/arduino_pkg/prefix_override:/home/avent/Public/MyProjects/MosqiBot/Host/install/arduino_pkg/lib/python3.10/site-packages:${PYTHONPATH} /usr/bin/python3 setup.py egg_info --egg-base ../../build/arduino_pkg build --build-base /home/avent/Public/MyProjects/MosqiBot/Host/build/arduino_pkg/build install --record /home/avent/Public/MyProjects/MosqiBot/Host/build/arduino_pkg/install.log --single-version-externally-managed
[0.577s] running egg_info
[0.577s] creating ../../build/arduino_pkg/arduino_pkg.egg-info
[0.577s] writing ../../build/arduino_pkg/arduino_pkg.egg-info/PKG-INFO
[0.577s] writing dependency_links to ../../build/arduino_pkg/arduino_pkg.egg-info/dependency_links.txt
[0.577s] writing entry points to ../../build/arduino_pkg/arduino_pkg.egg-info/entry_points.txt
[0.577s] writing requirements to ../../build/arduino_pkg/arduino_pkg.egg-info/requires.txt
[0.577s] writing top-level names to ../../build/arduino_pkg/arduino_pkg.egg-info/top_level.txt
[0.577s] writing manifest file '../../build/arduino_pkg/arduino_pkg.egg-info/SOURCES.txt'
[0.578s] reading manifest file '../../build/arduino_pkg/arduino_pkg.egg-info/SOURCES.txt'
[0.579s] writing manifest file '../../build/arduino_pkg/arduino_pkg.egg-info/SOURCES.txt'
[0.579s] running build
[0.579s] running build_py
[0.579s] creating /home/avent/Public/MyProjects/MosqiBot/Host/build/arduino_pkg/build
[0.579s] creating /home/avent/Public/MyProjects/MosqiBot/Host/build/arduino_pkg/build/lib
[0.579s] creating /home/avent/Public/MyProjects/MosqiBot/Host/build/arduino_pkg/build/lib/arduino_pkg
[0.579s] copying arduino_pkg/uno_node.py -> /home/avent/Public/MyProjects/MosqiBot/Host/build/arduino_pkg/build/lib/arduino_pkg
[0.579s] copying arduino_pkg/mega_node.py -> /home/avent/Public/MyProjects/MosqiBot/Host/build/arduino_pkg/build/lib/arduino_pkg
[0.579s] copying arduino_pkg/__init__.py -> /home/avent/Public/MyProjects/MosqiBot/Host/build/arduino_pkg/build/lib/arduino_pkg
[0.579s] running install
[0.579s] running install_lib
[0.580s] creating /home/avent/Public/MyProjects/MosqiBot/Host/install/arduino_pkg/lib/python3.10/site-packages/arduino_pkg
[0.580s] copying /home/avent/Public/MyProjects/MosqiBot/Host/build/arduino_pkg/build/lib/arduino_pkg/uno_node.py -> /home/avent/Public/MyProjects/MosqiBot/Host/install/arduino_pkg/lib/python3.10/site-packages/arduino_pkg
[0.580s] copying /home/avent/Public/MyProjects/MosqiBot/Host/build/arduino_pkg/build/lib/arduino_pkg/mega_node.py -> /home/avent/Public/MyProjects/MosqiBot/Host/install/arduino_pkg/lib/python3.10/site-packages/arduino_pkg
[0.580s] copying /home/avent/Public/MyProjects/MosqiBot/Host/build/arduino_pkg/build/lib/arduino_pkg/__init__.py -> /home/avent/Public/MyProjects/MosqiBot/Host/install/arduino_pkg/lib/python3.10/site-packages/arduino_pkg
[0.580s] byte-compiling /home/avent/Public/MyProjects/MosqiBot/Host/install/arduino_pkg/lib/python3.10/site-packages/arduino_pkg/uno_node.py to uno_node.cpython-310.pyc
[0.580s] byte-compiling /home/avent/Public/MyProjects/MosqiBot/Host/install/arduino_pkg/lib/python3.10/site-packages/arduino_pkg/mega_node.py to mega_node.cpython-310.pyc
[0.581s] byte-compiling /home/avent/Public/MyProjects/MosqiBot/Host/install/arduino_pkg/lib/python3.10/site-packages/arduino_pkg/__init__.py to __init__.cpython-310.pyc
[0.581s] running install_data
[0.581s] creating /home/avent/Public/MyProjects/MosqiBot/Host/install/arduino_pkg/share/ament_index
[0.581s] creating /home/avent/Public/MyProjects/MosqiBot/Host/install/arduino_pkg/share/ament_index/resource_index
[0.581s] creating /home/avent/Public/MyProjects/MosqiBot/Host/install/arduino_pkg/share/ament_index/resource_index/packages
[0.581s] copying resource/arduino_pkg -> /home/avent/Public/MyProjects/MosqiBot/Host/install/arduino_pkg/share/ament_index/resource_index/packages
[0.581s] copying package.xml -> /home/avent/Public/MyProjects/MosqiBot/Host/install/arduino_pkg/share/arduino_pkg
[0.581s] running install_egg_info
[0.582s] Copying ../../build/arduino_pkg/arduino_pkg.egg-info to /home/avent/Public/MyProjects/MosqiBot/Host/install/arduino_pkg/lib/python3.10/site-packages/arduino_pkg-0.0.0-py3.10.egg-info
[0.582s] running install_scripts
[0.594s] Installing mega_node script to /home/avent/Public/MyProjects/MosqiBot/Host/install/arduino_pkg/lib/arduino_pkg
[0.594s] Installing uno_node script to /home/avent/Public/MyProjects/MosqiBot/Host/install/arduino_pkg/lib/arduino_pkg
[0.595s] writing list of installed files to '/home/avent/Public/MyProjects/MosqiBot/Host/build/arduino_pkg/install.log'
[0.611s] Invoked command in '/home/avent/Public/MyProjects/MosqiBot/Host/src/arduino_pkg' returned '0': CMAKE_PREFIX_PATH=/home/avent/Public/MyProjects/MosqiBot/Host/install/my_interface:/home/avent/Public/MyProjects/MosqiBot/Host/install/qt_ui_test:/home/avent/Public/MyProjects/MosqiBot/Host/install/qt_ui:/home/avent/Public/MyProjects/MosqiBot/Host/install/camera_client:/home/avent/Public/MyProjects/MosqiBot/Host/install/camera_client_noui:/home/avent/Public/MyProjects/MosqiBot/ROS2-QT/install/qt_ui_test:/home/avent/Public/MyProjects/MosqiBot/ROS2-QT/install/camera_client_noui:/home/avent/Public/MyProjects/MosqiBot/ROS2-QT/install/camera_client:/home/avent/Public/MyProjects/MosqiBot/ROS2-QT/install/my_interface:/home/avent/Public/MyProjects/MosqiBot/ROS2-QT/install/qtui:/home/avent/Public/MyProjects/MosqiBot/ROS2-QT/install/qt_ui PYTHONPATH=/home/avent/Public/MyProjects/MosqiBot/Host/build/arduino_pkg/prefix_override:/home/avent/Public/MyProjects/MosqiBot/Host/install/arduino_pkg/lib/python3.10/site-packages:${PYTHONPATH} /usr/bin/python3 setup.py egg_info --egg-base ../../build/arduino_pkg build --build-base /home/avent/Public/MyProjects/MosqiBot/Host/build/arduino_pkg/build install --record /home/avent/Public/MyProjects/MosqiBot/Host/build/arduino_pkg/install.log --single-version-externally-managed
