-- The C compiler identification is GNU 11.4.0
-- The CXX compiler identification is GNU 11.4.0
-- Detecting C compiler ABI info
-- Detecting C compiler ABI info - done
-- Check for working C compiler: /usr/bin/cc - skipped
-- Detecting C compile features
-- Detecting C compile features - done
-- Detecting CXX compiler ABI info
-- Detecting CXX compiler ABI info - done
-- Check for working CXX compiler: /usr/bin/c++ - skipped
-- Detecting CXX compile features
-- Detecting CXX compile features - done
-- Found ament_cmake: 1.3.5 (/opt/ros/humble/share/ament_cmake/cmake)
-- Found Python3: /usr/bin/python3.10 (found version "3.10.12") found components: Interpreter 
-- Found std_msgs: 4.2.3 (/opt/ros/humble/share/std_msgs/cmake)
-- Found rosidl_generator_c: 3.1.5 (/opt/ros/humble/share/rosidl_generator_c/cmake)
-- Found rosidl_adapter: 3.1.5 (/opt/ros/humble/share/rosidl_adapter/cmake)
-- Found rosidl_generator_cpp: 3.1.5 (/opt/ros/humble/share/rosidl_generator_cpp/cmake)
-- Using all available rosidl_typesupport_c: rosidl_typesupport_fastrtps_c;rosidl_typesupport_introspection_c
-- Using all available rosidl_typesupport_cpp: rosidl_typesupport_fastrtps_cpp;rosidl_typesupport_introspection_cpp
-- Found rosidl_default_generators: 1.2.0 (/opt/ros/humble/share/rosidl_default_generators/cmake)
-- Found ament_cmake_ros: 0.10.0 (/opt/ros/humble/share/ament_cmake_ros/cmake)
-- Using all available rosidl_typesupport_c: rosidl_typesupport_fastrtps_c;rosidl_typesupport_introspection_c
-- Using all available rosidl_typesupport_cpp: rosidl_typesupport_fastrtps_cpp;rosidl_typesupport_introspection_cpp
-- Found PythonInterp: /usr/bin/python3 (found suitable version "3.10.12", minimum required is "3.6") 
-- Found python_cmake_module: 0.10.0 (/opt/ros/humble/share/python_cmake_module/cmake)
-- Found PythonLibs: /usr/lib/x86_64-linux-gnu/libpython3.10.so (found suitable version "3.10.12", minimum required is "3.5") 
-- Using PYTHON_EXECUTABLE: /usr/bin/python3
-- Using PYTHON_INCLUDE_DIRS: /usr/include/python3.10
-- Using PYTHON_LIBRARIES: /usr/lib/x86_64-linux-gnu/libpython3.10.so
-- Found PythonExtra: .so  
-- Found ament_lint_auto: 0.12.7 (/opt/ros/humble/share/ament_lint_auto/cmake)
-- Added test 'lint_cmake' to check CMake code style
-- Added test 'xmllint' to check XML markup files
-- Configuring done
-- Generating done
-- Build files have been written to: /home/avent/Public/MyProjects/MosqiBot/Host/build/my_interface
[  2%] Generating C code for ROS interfaces
[  5%] Generating C++ code for ROS interfaces
[  5%] Built target ament_cmake_python_copy_my_interface
running egg_info
creating my_interface.egg-info
writing my_interface.egg-info/PKG-INFO
writing dependency_links to my_interface.egg-info/dependency_links.txt
writing top-level names to my_interface.egg-info/top_level.txt
writing manifest file 'my_interface.egg-info/SOURCES.txt'
reading manifest file 'my_interface.egg-info/SOURCES.txt'
writing manifest file 'my_interface.egg-info/SOURCES.txt'
[  5%] Built target ament_cmake_python_build_my_interface_egg
[  5%] Built target my_interface__cpp
[  7%] Building C object CMakeFiles/my_interface__rosidl_generator_c.dir/rosidl_generator_c/my_interface/srv/detail/mega_msg__functions.c.o
[ 12%] Building C object CMakeFiles/my_interface__rosidl_generator_c.dir/rosidl_generator_c/my_interface/srv/detail/clean_up__functions.c.o
[ 12%] Generating C++ type support dispatch for ROS interfaces
[ 15%] Generating C++ type support for eProsima Fast-RTPS
[ 17%] Generating C++ introspection for ROS interfaces
[ 20%] Linking C shared library libmy_interface__rosidl_generator_c.so
[ 20%] Built target my_interface__rosidl_generator_c
[ 23%] Generating C type support for eProsima Fast-RTPS
[ 25%] Generating C introspection for ROS interfaces
[ 28%] Generating C type support dispatch for ROS interfaces
[ 33%] Building CXX object CMakeFiles/my_interface__rosidl_typesupport_cpp.dir/rosidl_typesupport_cpp/my_interface/srv/mega_msg__type_support.cpp.o
[ 33%] Building CXX object CMakeFiles/my_interface__rosidl_typesupport_cpp.dir/rosidl_typesupport_cpp/my_interface/srv/clean_up__type_support.cpp.o
[ 38%] Building CXX object CMakeFiles/my_interface__rosidl_typesupport_introspection_cpp.dir/rosidl_typesupport_introspection_cpp/my_interface/srv/detail/clean_up__type_support.cpp.o
[ 38%] Building CXX object CMakeFiles/my_interface__rosidl_typesupport_introspection_cpp.dir/rosidl_typesupport_introspection_cpp/my_interface/srv/detail/mega_msg__type_support.cpp.o
[ 41%] Building CXX object CMakeFiles/my_interface__rosidl_typesupport_fastrtps_cpp.dir/rosidl_typesupport_fastrtps_cpp/my_interface/srv/detail/dds_fastrtps/mega_msg__type_support.cpp.o
[ 43%] Building CXX object CMakeFiles/my_interface__rosidl_typesupport_fastrtps_cpp.dir/rosidl_typesupport_fastrtps_cpp/my_interface/srv/detail/dds_fastrtps/clean_up__type_support.cpp.o
[ 48%] Building CXX object CMakeFiles/my_interface__rosidl_typesupport_c.dir/rosidl_typesupport_c/my_interface/srv/clean_up__type_support.cpp.o
[ 48%] Building CXX object CMakeFiles/my_interface__rosidl_typesupport_c.dir/rosidl_typesupport_c/my_interface/srv/mega_msg__type_support.cpp.o
[ 51%] Building C object CMakeFiles/my_interface__rosidl_typesupport_introspection_c.dir/rosidl_typesupport_introspection_c/my_interface/srv/detail/mega_msg__type_support.c.o
[ 53%] Linking CXX shared library libmy_interface__rosidl_typesupport_c.so
[ 56%] Building C object CMakeFiles/my_interface__rosidl_typesupport_introspection_c.dir/rosidl_typesupport_introspection_c/my_interface/srv/detail/clean_up__type_support.c.o
[ 58%] Building CXX object CMakeFiles/my_interface__rosidl_typesupport_fastrtps_c.dir/rosidl_typesupport_fastrtps_c/my_interface/srv/detail/clean_up__type_support_c.cpp.o
[ 61%] Building CXX object CMakeFiles/my_interface__rosidl_typesupport_fastrtps_c.dir/rosidl_typesupport_fastrtps_c/my_interface/srv/detail/mega_msg__type_support_c.cpp.o
[ 61%] Built target my_interface__rosidl_typesupport_c
[ 64%] Linking C shared library libmy_interface__rosidl_typesupport_introspection_c.so
[ 64%] Built target my_interface__rosidl_typesupport_introspection_c
[ 66%] Linking CXX shared library libmy_interface__rosidl_typesupport_cpp.so
[ 66%] Built target my_interface__rosidl_typesupport_cpp
[ 69%] Linking CXX shared library libmy_interface__rosidl_typesupport_introspection_cpp.so
[ 69%] Built target my_interface__rosidl_typesupport_introspection_cpp
[ 71%] Linking CXX shared library libmy_interface__rosidl_typesupport_fastrtps_c.so
[ 74%] Linking CXX shared library libmy_interface__rosidl_typesupport_fastrtps_cpp.so
[ 74%] Built target my_interface__rosidl_typesupport_fastrtps_c
[ 74%] Built target my_interface__rosidl_typesupport_fastrtps_cpp
[ 74%] Built target my_interface
[ 76%] Generating Python code for ROS interfaces
[ 76%] Built target my_interface__py
[ 79%] Building C object CMakeFiles/my_interface__rosidl_generator_py.dir/rosidl_generator_py/my_interface/srv/_mega_msg_s.c.o
[ 82%] Building C object CMakeFiles/my_interface__rosidl_generator_py.dir/rosidl_generator_py/my_interface/srv/_clean_up_s.c.o
[ 84%] Linking C shared library rosidl_generator_py/my_interface/libmy_interface__rosidl_generator_py.so
[ 84%] Built target my_interface__rosidl_generator_py
[ 87%] Building C object CMakeFiles/my_interface__rosidl_typesupport_fastrtps_c__pyext.dir/rosidl_generator_py/my_interface/_my_interface_s.ep.rosidl_typesupport_fastrtps_c.c.o
[ 89%] Building C object CMakeFiles/my_interface__rosidl_typesupport_introspection_c__pyext.dir/rosidl_generator_py/my_interface/_my_interface_s.ep.rosidl_typesupport_introspection_c.c.o
[ 92%] Building C object CMakeFiles/my_interface__rosidl_typesupport_c__pyext.dir/rosidl_generator_py/my_interface/_my_interface_s.ep.rosidl_typesupport_c.c.o
[100%] Linking C shared library rosidl_generator_py/my_interface/my_interface_s__rosidl_typesupport_fastrtps_c.cpython-310-x86_64-linux-gnu.so
[100%] Linking C shared library rosidl_generator_py/my_interface/my_interface_s__rosidl_typesupport_c.cpython-310-x86_64-linux-gnu.so
[100%] Linking C shared library rosidl_generator_py/my_interface/my_interface_s__rosidl_typesupport_introspection_c.cpython-310-x86_64-linux-gnu.so
[100%] Built target my_interface__rosidl_typesupport_fastrtps_c__pyext
[100%] Built target my_interface__rosidl_typesupport_introspection_c__pyext
[100%] Built target my_interface__rosidl_typesupport_c__pyext
-- Install configuration: "Release"
-- Installing: /home/avent/Public/MyProjects/MosqiBot/Host/install/my_interface/share/ament_index/resource_index/rosidl_interfaces/my_interface
-- Installing: /home/avent/Public/MyProjects/MosqiBot/Host/install/my_interface/include/my_interface/my_interface
-- Installing: /home/avent/Public/MyProjects/MosqiBot/Host/install/my_interface/include/my_interface/my_interface/msg
-- Installing: /home/avent/Public/MyProjects/MosqiBot/Host/install/my_interface/include/my_interface/my_interface/msg/rosidl_generator_c__visibility_control.h
-- Installing: /home/avent/Public/MyProjects/MosqiBot/Host/install/my_interface/include/my_interface/my_interface/srv
-- Installing: /home/avent/Public/MyProjects/MosqiBot/Host/install/my_interface/include/my_interface/my_interface/srv/clean_up.h
-- Installing: /home/avent/Public/MyProjects/MosqiBot/Host/install/my_interface/include/my_interface/my_interface/srv/detail
-- Installing: /home/avent/Public/MyProjects/MosqiBot/Host/install/my_interface/include/my_interface/my_interface/srv/detail/clean_up__functions.h
-- Installing: /home/avent/Public/MyProjects/MosqiBot/Host/install/my_interface/include/my_interface/my_interface/srv/detail/mega_msg__functions.h
-- Installing: /home/avent/Public/MyProjects/MosqiBot/Host/install/my_interface/include/my_interface/my_interface/srv/detail/clean_up__type_support.h
-- Installing: /home/avent/Public/MyProjects/MosqiBot/Host/install/my_interface/include/my_interface/my_interface/srv/detail/clean_up__functions.c
-- Installing: /home/avent/Public/MyProjects/MosqiBot/Host/install/my_interface/include/my_interface/my_interface/srv/detail/mega_msg__type_support.h
-- Installing: /home/avent/Public/MyProjects/MosqiBot/Host/install/my_interface/include/my_interface/my_interface/srv/detail/mega_msg__functions.c
-- Installing: /home/avent/Public/MyProjects/MosqiBot/Host/install/my_interface/include/my_interface/my_interface/srv/detail/mega_msg__struct.h
-- Installing: /home/avent/Public/MyProjects/MosqiBot/Host/install/my_interface/include/my_interface/my_interface/srv/detail/clean_up__struct.h
-- Installing: /home/avent/Public/MyProjects/MosqiBot/Host/install/my_interface/include/my_interface/my_interface/srv/mega_msg.h
-- Installing: /home/avent/Public/MyProjects/MosqiBot/Host/install/my_interface/share/my_interface/environment/library_path.sh
-- Installing: /home/avent/Public/MyProjects/MosqiBot/Host/install/my_interface/share/my_interface/environment/library_path.dsv
-- Installing: /home/avent/Public/MyProjects/MosqiBot/Host/install/my_interface/lib/libmy_interface__rosidl_generator_c.so
-- Set runtime path of "/home/avent/Public/MyProjects/MosqiBot/Host/install/my_interface/lib/libmy_interface__rosidl_generator_c.so" to ""
-- Up-to-date: /home/avent/Public/MyProjects/MosqiBot/Host/install/my_interface/include/my_interface/my_interface
-- Up-to-date: /home/avent/Public/MyProjects/MosqiBot/Host/install/my_interface/include/my_interface/my_interface/msg
-- Installing: /home/avent/Public/MyProjects/MosqiBot/Host/install/my_interface/include/my_interface/my_interface/msg/rosidl_typesupport_fastrtps_c__visibility_control.h
-- Up-to-date: /home/avent/Public/MyProjects/MosqiBot/Host/install/my_interface/include/my_interface/my_interface/srv
-- Up-to-date: /home/avent/Public/MyProjects/MosqiBot/Host/install/my_interface/include/my_interface/my_interface/srv/detail
-- Installing: /home/avent/Public/MyProjects/MosqiBot/Host/install/my_interface/include/my_interface/my_interface/srv/detail/mega_msg__rosidl_typesupport_fastrtps_c.h
-- Installing: /home/avent/Public/MyProjects/MosqiBot/Host/install/my_interface/include/my_interface/my_interface/srv/detail/clean_up__rosidl_typesupport_fastrtps_c.h
-- Installing: /home/avent/Public/MyProjects/MosqiBot/Host/install/my_interface/lib/libmy_interface__rosidl_typesupport_fastrtps_c.so
-- Set runtime path of "/home/avent/Public/MyProjects/MosqiBot/Host/install/my_interface/lib/libmy_interface__rosidl_typesupport_fastrtps_c.so" to ""
-- Up-to-date: /home/avent/Public/MyProjects/MosqiBot/Host/install/my_interface/include/my_interface/my_interface
-- Up-to-date: /home/avent/Public/MyProjects/MosqiBot/Host/install/my_interface/include/my_interface/my_interface/srv
-- Installing: /home/avent/Public/MyProjects/MosqiBot/Host/install/my_interface/include/my_interface/my_interface/srv/mega_msg.hpp
-- Installing: /home/avent/Public/MyProjects/MosqiBot/Host/install/my_interface/include/my_interface/my_interface/srv/clean_up.hpp
-- Up-to-date: /home/avent/Public/MyProjects/MosqiBot/Host/install/my_interface/include/my_interface/my_interface/srv/detail
-- Installing: /home/avent/Public/MyProjects/MosqiBot/Host/install/my_interface/include/my_interface/my_interface/srv/detail/clean_up__traits.hpp
-- Installing: /home/avent/Public/MyProjects/MosqiBot/Host/install/my_interface/include/my_interface/my_interface/srv/detail/mega_msg__struct.hpp
-- Installing: /home/avent/Public/MyProjects/MosqiBot/Host/install/my_interface/include/my_interface/my_interface/srv/detail/mega_msg__traits.hpp
-- Installing: /home/avent/Public/MyProjects/MosqiBot/Host/install/my_interface/include/my_interface/my_interface/srv/detail/clean_up__builder.hpp
-- Installing: /home/avent/Public/MyProjects/MosqiBot/Host/install/my_interface/include/my_interface/my_interface/srv/detail/mega_msg__builder.hpp
-- Installing: /home/avent/Public/MyProjects/MosqiBot/Host/install/my_interface/include/my_interface/my_interface/srv/detail/clean_up__struct.hpp
-- Up-to-date: /home/avent/Public/MyProjects/MosqiBot/Host/install/my_interface/include/my_interface/my_interface
-- Up-to-date: /home/avent/Public/MyProjects/MosqiBot/Host/install/my_interface/include/my_interface/my_interface/msg
-- Installing: /home/avent/Public/MyProjects/MosqiBot/Host/install/my_interface/include/my_interface/my_interface/msg/rosidl_typesupport_fastrtps_cpp__visibility_control.h
-- Up-to-date: /home/avent/Public/MyProjects/MosqiBot/Host/install/my_interface/include/my_interface/my_interface/srv
-- Up-to-date: /home/avent/Public/MyProjects/MosqiBot/Host/install/my_interface/include/my_interface/my_interface/srv/detail
-- Installing: /home/avent/Public/MyProjects/MosqiBot/Host/install/my_interface/include/my_interface/my_interface/srv/detail/dds_fastrtps
-- Installing: /home/avent/Public/MyProjects/MosqiBot/Host/install/my_interface/include/my_interface/my_interface/srv/detail/clean_up__rosidl_typesupport_fastrtps_cpp.hpp
-- Installing: /home/avent/Public/MyProjects/MosqiBot/Host/install/my_interface/include/my_interface/my_interface/srv/detail/mega_msg__rosidl_typesupport_fastrtps_cpp.hpp
-- Installing: /home/avent/Public/MyProjects/MosqiBot/Host/install/my_interface/lib/libmy_interface__rosidl_typesupport_fastrtps_cpp.so
-- Set runtime path of "/home/avent/Public/MyProjects/MosqiBot/Host/install/my_interface/lib/libmy_interface__rosidl_typesupport_fastrtps_cpp.so" to ""
-- Up-to-date: /home/avent/Public/MyProjects/MosqiBot/Host/install/my_interface/include/my_interface/my_interface
-- Up-to-date: /home/avent/Public/MyProjects/MosqiBot/Host/install/my_interface/include/my_interface/my_interface/msg
-- Installing: /home/avent/Public/MyProjects/MosqiBot/Host/install/my_interface/include/my_interface/my_interface/msg/rosidl_typesupport_introspection_c__visibility_control.h
-- Up-to-date: /home/avent/Public/MyProjects/MosqiBot/Host/install/my_interface/include/my_interface/my_interface/srv
-- Up-to-date: /home/avent/Public/MyProjects/MosqiBot/Host/install/my_interface/include/my_interface/my_interface/srv/detail
-- Installing: /home/avent/Public/MyProjects/MosqiBot/Host/install/my_interface/include/my_interface/my_interface/srv/detail/clean_up__rosidl_typesupport_introspection_c.h
-- Installing: /home/avent/Public/MyProjects/MosqiBot/Host/install/my_interface/include/my_interface/my_interface/srv/detail/clean_up__type_support.c
-- Installing: /home/avent/Public/MyProjects/MosqiBot/Host/install/my_interface/include/my_interface/my_interface/srv/detail/mega_msg__rosidl_typesupport_introspection_c.h
-- Installing: /home/avent/Public/MyProjects/MosqiBot/Host/install/my_interface/include/my_interface/my_interface/srv/detail/mega_msg__type_support.c
-- Installing: /home/avent/Public/MyProjects/MosqiBot/Host/install/my_interface/lib/libmy_interface__rosidl_typesupport_introspection_c.so
-- Set runtime path of "/home/avent/Public/MyProjects/MosqiBot/Host/install/my_interface/lib/libmy_interface__rosidl_typesupport_introspection_c.so" to ""
-- Installing: /home/avent/Public/MyProjects/MosqiBot/Host/install/my_interface/lib/libmy_interface__rosidl_typesupport_c.so
-- Set runtime path of "/home/avent/Public/MyProjects/MosqiBot/Host/install/my_interface/lib/libmy_interface__rosidl_typesupport_c.so" to ""
-- Up-to-date: /home/avent/Public/MyProjects/MosqiBot/Host/install/my_interface/include/my_interface/my_interface
-- Up-to-date: /home/avent/Public/MyProjects/MosqiBot/Host/install/my_interface/include/my_interface/my_interface/srv
-- Up-to-date: /home/avent/Public/MyProjects/MosqiBot/Host/install/my_interface/include/my_interface/my_interface/srv/detail
-- Installing: /home/avent/Public/MyProjects/MosqiBot/Host/install/my_interface/include/my_interface/my_interface/srv/detail/clean_up__rosidl_typesupport_introspection_cpp.hpp
-- Installing: /home/avent/Public/MyProjects/MosqiBot/Host/install/my_interface/include/my_interface/my_interface/srv/detail/clean_up__type_support.cpp
-- Installing: /home/avent/Public/MyProjects/MosqiBot/Host/install/my_interface/include/my_interface/my_interface/srv/detail/mega_msg__rosidl_typesupport_introspection_cpp.hpp
-- Installing: /home/avent/Public/MyProjects/MosqiBot/Host/install/my_interface/include/my_interface/my_interface/srv/detail/mega_msg__type_support.cpp
-- Installing: /home/avent/Public/MyProjects/MosqiBot/Host/install/my_interface/lib/libmy_interface__rosidl_typesupport_introspection_cpp.so
-- Set runtime path of "/home/avent/Public/MyProjects/MosqiBot/Host/install/my_interface/lib/libmy_interface__rosidl_typesupport_introspection_cpp.so" to ""
-- Installing: /home/avent/Public/MyProjects/MosqiBot/Host/install/my_interface/lib/libmy_interface__rosidl_typesupport_cpp.so
-- Set runtime path of "/home/avent/Public/MyProjects/MosqiBot/Host/install/my_interface/lib/libmy_interface__rosidl_typesupport_cpp.so" to ""
-- Installing: /home/avent/Public/MyProjects/MosqiBot/Host/install/my_interface/share/my_interface/environment/pythonpath.sh
-- Installing: /home/avent/Public/MyProjects/MosqiBot/Host/install/my_interface/share/my_interface/environment/pythonpath.dsv
-- Installing: /home/avent/Public/MyProjects/MosqiBot/Host/install/my_interface/local/lib/python3.10/dist-packages/my_interface-0.0.0-py3.10.egg-info
-- Installing: /home/avent/Public/MyProjects/MosqiBot/Host/install/my_interface/local/lib/python3.10/dist-packages/my_interface-0.0.0-py3.10.egg-info/top_level.txt
-- Installing: /home/avent/Public/MyProjects/MosqiBot/Host/install/my_interface/local/lib/python3.10/dist-packages/my_interface-0.0.0-py3.10.egg-info/SOURCES.txt
-- Installing: /home/avent/Public/MyProjects/MosqiBot/Host/install/my_interface/local/lib/python3.10/dist-packages/my_interface-0.0.0-py3.10.egg-info/PKG-INFO
-- Installing: /home/avent/Public/MyProjects/MosqiBot/Host/install/my_interface/local/lib/python3.10/dist-packages/my_interface-0.0.0-py3.10.egg-info/dependency_links.txt
-- Installing: /home/avent/Public/MyProjects/MosqiBot/Host/install/my_interface/local/lib/python3.10/dist-packages/my_interface
-- Installing: /home/avent/Public/MyProjects/MosqiBot/Host/install/my_interface/local/lib/python3.10/dist-packages/my_interface/_my_interface_s.ep.rosidl_typesupport_c.c
-- Installing: /home/avent/Public/MyProjects/MosqiBot/Host/install/my_interface/local/lib/python3.10/dist-packages/my_interface/my_interface_s__rosidl_typesupport_fastrtps_c.cpython-310-x86_64-linux-gnu.so
-- Installing: /home/avent/Public/MyProjects/MosqiBot/Host/install/my_interface/local/lib/python3.10/dist-packages/my_interface/my_interface_s__rosidl_typesupport_c.cpython-310-x86_64-linux-gnu.so
-- Installing: /home/avent/Public/MyProjects/MosqiBot/Host/install/my_interface/local/lib/python3.10/dist-packages/my_interface/libmy_interface__rosidl_generator_py.so
-- Installing: /home/avent/Public/MyProjects/MosqiBot/Host/install/my_interface/local/lib/python3.10/dist-packages/my_interface/_my_interface_s.ep.rosidl_typesupport_fastrtps_c.c
-- Installing: /home/avent/Public/MyProjects/MosqiBot/Host/install/my_interface/local/lib/python3.10/dist-packages/my_interface/my_interface_s__rosidl_typesupport_introspection_c.cpython-310-x86_64-linux-gnu.so
-- Installing: /home/avent/Public/MyProjects/MosqiBot/Host/install/my_interface/local/lib/python3.10/dist-packages/my_interface/_my_interface_s.ep.rosidl_typesupport_introspection_c.c
-- Installing: /home/avent/Public/MyProjects/MosqiBot/Host/install/my_interface/local/lib/python3.10/dist-packages/my_interface/__init__.py
-- Installing: /home/avent/Public/MyProjects/MosqiBot/Host/install/my_interface/local/lib/python3.10/dist-packages/my_interface/srv
-- Installing: /home/avent/Public/MyProjects/MosqiBot/Host/install/my_interface/local/lib/python3.10/dist-packages/my_interface/srv/_mega_msg.py
-- Installing: /home/avent/Public/MyProjects/MosqiBot/Host/install/my_interface/local/lib/python3.10/dist-packages/my_interface/srv/_mega_msg_s.c
-- Installing: /home/avent/Public/MyProjects/MosqiBot/Host/install/my_interface/local/lib/python3.10/dist-packages/my_interface/srv/_clean_up.py
-- Installing: /home/avent/Public/MyProjects/MosqiBot/Host/install/my_interface/local/lib/python3.10/dist-packages/my_interface/srv/_clean_up_s.c
-- Installing: /home/avent/Public/MyProjects/MosqiBot/Host/install/my_interface/local/lib/python3.10/dist-packages/my_interface/srv/__init__.py
Listing '/home/avent/Public/MyProjects/MosqiBot/Host/install/my_interface/local/lib/python3.10/dist-packages/my_interface'...
Compiling '/home/avent/Public/MyProjects/MosqiBot/Host/install/my_interface/local/lib/python3.10/dist-packages/my_interface/__init__.py'...
Listing '/home/avent/Public/MyProjects/MosqiBot/Host/install/my_interface/local/lib/python3.10/dist-packages/my_interface/srv'...
Compiling '/home/avent/Public/MyProjects/MosqiBot/Host/install/my_interface/local/lib/python3.10/dist-packages/my_interface/srv/__init__.py'...
Compiling '/home/avent/Public/MyProjects/MosqiBot/Host/install/my_interface/local/lib/python3.10/dist-packages/my_interface/srv/_clean_up.py'...
Compiling '/home/avent/Public/MyProjects/MosqiBot/Host/install/my_interface/local/lib/python3.10/dist-packages/my_interface/srv/_mega_msg.py'...
-- Installing: /home/avent/Public/MyProjects/MosqiBot/Host/install/my_interface/local/lib/python3.10/dist-packages/my_interface/my_interface_s__rosidl_typesupport_fastrtps_c.cpython-310-x86_64-linux-gnu.so
-- Set runtime path of "/home/avent/Public/MyProjects/MosqiBot/Host/install/my_interface/local/lib/python3.10/dist-packages/my_interface/my_interface_s__rosidl_typesupport_fastrtps_c.cpython-310-x86_64-linux-gnu.so" to ""
-- Installing: /home/avent/Public/MyProjects/MosqiBot/Host/install/my_interface/local/lib/python3.10/dist-packages/my_interface/my_interface_s__rosidl_typesupport_introspection_c.cpython-310-x86_64-linux-gnu.so
-- Set runtime path of "/home/avent/Public/MyProjects/MosqiBot/Host/install/my_interface/local/lib/python3.10/dist-packages/my_interface/my_interface_s__rosidl_typesupport_introspection_c.cpython-310-x86_64-linux-gnu.so" to ""
-- Installing: /home/avent/Public/MyProjects/MosqiBot/Host/install/my_interface/local/lib/python3.10/dist-packages/my_interface/my_interface_s__rosidl_typesupport_c.cpython-310-x86_64-linux-gnu.so
-- Set runtime path of "/home/avent/Public/MyProjects/MosqiBot/Host/install/my_interface/local/lib/python3.10/dist-packages/my_interface/my_interface_s__rosidl_typesupport_c.cpython-310-x86_64-linux-gnu.so" to ""
-- Installing: /home/avent/Public/MyProjects/MosqiBot/Host/install/my_interface/lib/libmy_interface__rosidl_generator_py.so
-- Set runtime path of "/home/avent/Public/MyProjects/MosqiBot/Host/install/my_interface/lib/libmy_interface__rosidl_generator_py.so" to ""
-- Installing: /home/avent/Public/MyProjects/MosqiBot/Host/install/my_interface/share/my_interface/srv/MegaMsg.idl
-- Installing: /home/avent/Public/MyProjects/MosqiBot/Host/install/my_interface/share/my_interface/srv/CleanUp.idl
-- Installing: /home/avent/Public/MyProjects/MosqiBot/Host/install/my_interface/share/my_interface/srv/MegaMsg.srv
-- Installing: /home/avent/Public/MyProjects/MosqiBot/Host/install/my_interface/share/my_interface/srv/MegaMsg_Request.msg
-- Installing: /home/avent/Public/MyProjects/MosqiBot/Host/install/my_interface/share/my_interface/srv/MegaMsg_Response.msg
-- Installing: /home/avent/Public/MyProjects/MosqiBot/Host/install/my_interface/share/my_interface/srv/CleanUp.srv
-- Installing: /home/avent/Public/MyProjects/MosqiBot/Host/install/my_interface/share/my_interface/srv/CleanUp_Request.msg
-- Installing: /home/avent/Public/MyProjects/MosqiBot/Host/install/my_interface/share/my_interface/srv/CleanUp_Response.msg
-- Installing: /home/avent/Public/MyProjects/MosqiBot/Host/install/my_interface/share/ament_index/resource_index/package_run_dependencies/my_interface
-- Installing: /home/avent/Public/MyProjects/MosqiBot/Host/install/my_interface/share/ament_index/resource_index/parent_prefix_path/my_interface
-- Installing: /home/avent/Public/MyProjects/MosqiBot/Host/install/my_interface/share/my_interface/environment/ament_prefix_path.sh
-- Installing: /home/avent/Public/MyProjects/MosqiBot/Host/install/my_interface/share/my_interface/environment/ament_prefix_path.dsv
-- Installing: /home/avent/Public/MyProjects/MosqiBot/Host/install/my_interface/share/my_interface/environment/path.sh
-- Installing: /home/avent/Public/MyProjects/MosqiBot/Host/install/my_interface/share/my_interface/environment/path.dsv
-- Installing: /home/avent/Public/MyProjects/MosqiBot/Host/install/my_interface/share/my_interface/local_setup.bash
-- Installing: /home/avent/Public/MyProjects/MosqiBot/Host/install/my_interface/share/my_interface/local_setup.sh
-- Installing: /home/avent/Public/MyProjects/MosqiBot/Host/install/my_interface/share/my_interface/local_setup.zsh
-- Installing: /home/avent/Public/MyProjects/MosqiBot/Host/install/my_interface/share/my_interface/local_setup.dsv
-- Installing: /home/avent/Public/MyProjects/MosqiBot/Host/install/my_interface/share/my_interface/package.dsv
-- Installing: /home/avent/Public/MyProjects/MosqiBot/Host/install/my_interface/share/ament_index/resource_index/packages/my_interface
-- Installing: /home/avent/Public/MyProjects/MosqiBot/Host/install/my_interface/share/my_interface/cmake/export_my_interface__rosidl_generator_cExport.cmake
-- Installing: /home/avent/Public/MyProjects/MosqiBot/Host/install/my_interface/share/my_interface/cmake/export_my_interface__rosidl_generator_cExport-release.cmake
-- Installing: /home/avent/Public/MyProjects/MosqiBot/Host/install/my_interface/share/my_interface/cmake/export_my_interface__rosidl_typesupport_fastrtps_cExport.cmake
-- Installing: /home/avent/Public/MyProjects/MosqiBot/Host/install/my_interface/share/my_interface/cmake/export_my_interface__rosidl_typesupport_fastrtps_cExport-release.cmake
-- Installing: /home/avent/Public/MyProjects/MosqiBot/Host/install/my_interface/share/my_interface/cmake/export_my_interface__rosidl_generator_cppExport.cmake
-- Installing: /home/avent/Public/MyProjects/MosqiBot/Host/install/my_interface/share/my_interface/cmake/export_my_interface__rosidl_typesupport_fastrtps_cppExport.cmake
-- Installing: /home/avent/Public/MyProjects/MosqiBot/Host/install/my_interface/share/my_interface/cmake/export_my_interface__rosidl_typesupport_fastrtps_cppExport-release.cmake
-- Installing: /home/avent/Public/MyProjects/MosqiBot/Host/install/my_interface/share/my_interface/cmake/my_interface__rosidl_typesupport_introspection_cExport.cmake
-- Installing: /home/avent/Public/MyProjects/MosqiBot/Host/install/my_interface/share/my_interface/cmake/my_interface__rosidl_typesupport_introspection_cExport-release.cmake
-- Installing: /home/avent/Public/MyProjects/MosqiBot/Host/install/my_interface/share/my_interface/cmake/my_interface__rosidl_typesupport_cExport.cmake
-- Installing: /home/avent/Public/MyProjects/MosqiBot/Host/install/my_interface/share/my_interface/cmake/my_interface__rosidl_typesupport_cExport-release.cmake
-- Installing: /home/avent/Public/MyProjects/MosqiBot/Host/install/my_interface/share/my_interface/cmake/my_interface__rosidl_typesupport_introspection_cppExport.cmake
-- Installing: /home/avent/Public/MyProjects/MosqiBot/Host/install/my_interface/share/my_interface/cmake/my_interface__rosidl_typesupport_introspection_cppExport-release.cmake
-- Installing: /home/avent/Public/MyProjects/MosqiBot/Host/install/my_interface/share/my_interface/cmake/my_interface__rosidl_typesupport_cppExport.cmake
-- Installing: /home/avent/Public/MyProjects/MosqiBot/Host/install/my_interface/share/my_interface/cmake/my_interface__rosidl_typesupport_cppExport-release.cmake
-- Installing: /home/avent/Public/MyProjects/MosqiBot/Host/install/my_interface/share/my_interface/cmake/export_my_interface__rosidl_generator_pyExport.cmake
-- Installing: /home/avent/Public/MyProjects/MosqiBot/Host/install/my_interface/share/my_interface/cmake/export_my_interface__rosidl_generator_pyExport-release.cmake
-- Installing: /home/avent/Public/MyProjects/MosqiBot/Host/install/my_interface/share/my_interface/cmake/rosidl_cmake-extras.cmake
-- Installing: /home/avent/Public/MyProjects/MosqiBot/Host/install/my_interface/share/my_interface/cmake/ament_cmake_export_dependencies-extras.cmake
-- Installing: /home/avent/Public/MyProjects/MosqiBot/Host/install/my_interface/share/my_interface/cmake/ament_cmake_export_include_directories-extras.cmake
-- Installing: /home/avent/Public/MyProjects/MosqiBot/Host/install/my_interface/share/my_interface/cmake/ament_cmake_export_libraries-extras.cmake
-- Installing: /home/avent/Public/MyProjects/MosqiBot/Host/install/my_interface/share/my_interface/cmake/ament_cmake_export_targets-extras.cmake
-- Installing: /home/avent/Public/MyProjects/MosqiBot/Host/install/my_interface/share/my_interface/cmake/rosidl_cmake_export_typesupport_targets-extras.cmake
-- Installing: /home/avent/Public/MyProjects/MosqiBot/Host/install/my_interface/share/my_interface/cmake/rosidl_cmake_export_typesupport_libraries-extras.cmake
-- Installing: /home/avent/Public/MyProjects/MosqiBot/Host/install/my_interface/share/my_interface/cmake/my_interfaceConfig.cmake
-- Installing: /home/avent/Public/MyProjects/MosqiBot/Host/install/my_interface/share/my_interface/cmake/my_interfaceConfig-version.cmake
-- Installing: /home/avent/Public/MyProjects/MosqiBot/Host/install/my_interface/share/my_interface/package.xml
