[0.170s] Invoking command in '/home/avent/Public/MyProjects/MosqiBot/Host/build/qt_ui': CMAKE_PREFIX_PATH=/home/avent/Public/MyProjects/MosqiBot/Host/install/my_interface:/home/avent/Public/MyProjects/MosqiBot/Host/install/qt_ui_test:/home/avent/Public/MyProjects/MosqiBot/Host/install/qt_ui:/home/avent/Public/MyProjects/MosqiBot/Host/install/camera_client:/home/avent/Public/MyProjects/MosqiBot/Host/install/camera_client_noui:/home/avent/Public/MyProjects/MosqiBot/ROS2-QT/install/qt_ui_test:/home/avent/Public/MyProjects/MosqiBot/ROS2-QT/install/camera_client_noui:/home/avent/Public/MyProjects/MosqiBot/ROS2-QT/install/camera_client:/home/avent/Public/MyProjects/MosqiBot/ROS2-QT/install/my_interface:/home/avent/Public/MyProjects/MosqiBot/ROS2-QT/install/qtui:/home/avent/Public/MyProjects/MosqiBot/ROS2-QT/install/qt_ui:/home/avent/Public/MyProjects/MosqiBot/Host/install/arduino_pkg:/home/avent/Public/MyProjects/MosqiBot/ROS2-QT/install/arduino_pkg:/opt/ros/humble /usr/bin/cmake /home/avent/Public/MyProjects/MosqiBot/Host/src/qt_ui -G CodeBlocks - Unix Makefiles -DCMAKE_BUILD_TYPE=Release -DCMAKE_INSTALL_PREFIX=/home/avent/Public/MyProjects/MosqiBot/Host/install/qt_ui
[0.202s] -- The C compiler identification is GNU 11.4.0
[0.236s] -- The CXX compiler identification is GNU 11.4.0
[0.264s] -- Detecting C compiler ABI info
[0.308s] -- Detecting C compiler ABI info - done
[0.316s] -- Check for working C compiler: /usr/bin/cc - skipped
[0.317s] -- Detecting C compile features
[0.318s] -- Detecting C compile features - done
[0.320s] -- Detecting CXX compiler ABI info
[0.376s] -- Detecting CXX compiler ABI info - done
[0.381s] -- Check for working CXX compiler: /usr/bin/c++ - skipped
[0.381s] -- Detecting CXX compile features
[0.382s] -- Detecting CXX compile features - done
[0.395s] -- Found ament_cmake: 1.3.5 (/opt/ros/humble/share/ament_cmake/cmake)
[0.506s] -- Found Python3: /usr/bin/python3.10 (found version "3.10.12") found components: Interpreter 
[0.560s] -- Found rclcpp: 16.0.5 (/opt/ros/humble/share/rclcpp/cmake)
[0.582s] -- Found rosidl_generator_c: 3.1.5 (/opt/ros/humble/share/rosidl_generator_c/cmake)
[0.585s] -- Found rosidl_adapter: 3.1.5 (/opt/ros/humble/share/rosidl_adapter/cmake)
[0.590s] -- Found rosidl_generator_cpp: 3.1.5 (/opt/ros/humble/share/rosidl_generator_cpp/cmake)
[0.607s] -- Using all available rosidl_typesupport_c: rosidl_typesupport_fastrtps_c;rosidl_typesupport_introspection_c
[0.611s] -- Using all available rosidl_typesupport_cpp: rosidl_typesupport_fastrtps_cpp;rosidl_typesupport_introspection_cpp
[0.653s] -- Found rmw_implementation_cmake: 6.1.1 (/opt/ros/humble/share/rmw_implementation_cmake/cmake)
[0.655s] -- Found rmw_fastrtps_cpp: 6.2.3 (/opt/ros/humble/share/rmw_fastrtps_cpp/cmake)
[0.714s] -- Found OpenSSL: /usr/lib/x86_64-linux-gnu/libcrypto.so (found version "3.0.2")  
[0.731s] -- Found FastRTPS: /opt/ros/humble/include  
[0.760s] -- Using RMW implementation 'rmw_fastrtps_cpp' as default
[0.766s] -- Looking for pthread.h
[0.808s] -- Looking for pthread.h - found
[0.808s] -- Performing Test CMAKE_HAVE_LIBC_PTHREAD
[0.851s] -- Performing Test CMAKE_HAVE_LIBC_PTHREAD - Success
[0.852s] -- Found Threads: TRUE  
[0.947s] -- Found cv_bridge: 3.2.1 (/opt/ros/humble/share/cv_bridge/cmake)
[1.034s] -- Found my_interface: 0.0.0 (/home/avent/Public/MyProjects/MosqiBot/Host/install/my_interface/share/my_interface/cmake)
[1.098s] -- Configuring done
[1.122s] -- Generating done
[1.123s] -- Build files have been written to: /home/avent/Public/MyProjects/MosqiBot/Host/build/qt_ui
[1.130s] Invoked command in '/home/avent/Public/MyProjects/MosqiBot/Host/build/qt_ui' returned '0': CMAKE_PREFIX_PATH=/home/avent/Public/MyProjects/MosqiBot/Host/install/my_interface:/home/avent/Public/MyProjects/MosqiBot/Host/install/qt_ui_test:/home/avent/Public/MyProjects/MosqiBot/Host/install/qt_ui:/home/avent/Public/MyProjects/MosqiBot/Host/install/camera_client:/home/avent/Public/MyProjects/MosqiBot/Host/install/camera_client_noui:/home/avent/Public/MyProjects/MosqiBot/ROS2-QT/install/qt_ui_test:/home/avent/Public/MyProjects/MosqiBot/ROS2-QT/install/camera_client_noui:/home/avent/Public/MyProjects/MosqiBot/ROS2-QT/install/camera_client:/home/avent/Public/MyProjects/MosqiBot/ROS2-QT/install/my_interface:/home/avent/Public/MyProjects/MosqiBot/ROS2-QT/install/qtui:/home/avent/Public/MyProjects/MosqiBot/ROS2-QT/install/qt_ui:/home/avent/Public/MyProjects/MosqiBot/Host/install/arduino_pkg:/home/avent/Public/MyProjects/MosqiBot/ROS2-QT/install/arduino_pkg:/opt/ros/humble /usr/bin/cmake /home/avent/Public/MyProjects/MosqiBot/Host/src/qt_ui -G CodeBlocks - Unix Makefiles -DCMAKE_BUILD_TYPE=Release -DCMAKE_INSTALL_PREFIX=/home/avent/Public/MyProjects/MosqiBot/Host/install/qt_ui
[1.130s] Invoking command in '/home/avent/Public/MyProjects/MosqiBot/Host/build/qt_ui': CMAKE_PREFIX_PATH=/home/avent/Public/MyProjects/MosqiBot/Host/install/my_interface:/home/avent/Public/MyProjects/MosqiBot/Host/install/qt_ui_test:/home/avent/Public/MyProjects/MosqiBot/Host/install/qt_ui:/home/avent/Public/MyProjects/MosqiBot/Host/install/camera_client:/home/avent/Public/MyProjects/MosqiBot/Host/install/camera_client_noui:/home/avent/Public/MyProjects/MosqiBot/ROS2-QT/install/qt_ui_test:/home/avent/Public/MyProjects/MosqiBot/ROS2-QT/install/camera_client_noui:/home/avent/Public/MyProjects/MosqiBot/ROS2-QT/install/camera_client:/home/avent/Public/MyProjects/MosqiBot/ROS2-QT/install/my_interface:/home/avent/Public/MyProjects/MosqiBot/ROS2-QT/install/qtui:/home/avent/Public/MyProjects/MosqiBot/ROS2-QT/install/qt_ui:/home/avent/Public/MyProjects/MosqiBot/Host/install/arduino_pkg:/home/avent/Public/MyProjects/MosqiBot/ROS2-QT/install/arduino_pkg:/opt/ros/humble /usr/bin/cmake --build /home/avent/Public/MyProjects/MosqiBot/Host/build/qt_ui -- -j16 -l16
[1.160s] [ 14%] Automatic MOC and UIC for target MosqiBot
[1.534s] [ 14%] Built target MosqiBot_autogen
[1.544s] [ 28%] Automatic RCC for resource/resource.qrc
[1.579s] [ 42%] Building CXX object CMakeFiles/MosqiBot.dir/MosqiBot_autogen/mocs_compilation.cpp.o
[1.579s] [ 57%] Building CXX object CMakeFiles/MosqiBot.dir/MosqiBot_autogen/6WJNPILU4A/qrc_resource.cpp.o
[1.580s] [ 71%] Building CXX object CMakeFiles/MosqiBot.dir/window/MainWindow.cpp.o
[1.580s] [ 85%] Building CXX object CMakeFiles/MosqiBot.dir/main.cpp.o
[10.197s] [100%] Linking CXX executable MosqiBot
[10.732s] [100%] Built target MosqiBot
[10.742s] Invoked command in '/home/avent/Public/MyProjects/MosqiBot/Host/build/qt_ui' returned '0': CMAKE_PREFIX_PATH=/home/avent/Public/MyProjects/MosqiBot/Host/install/my_interface:/home/avent/Public/MyProjects/MosqiBot/Host/install/qt_ui_test:/home/avent/Public/MyProjects/MosqiBot/Host/install/qt_ui:/home/avent/Public/MyProjects/MosqiBot/Host/install/camera_client:/home/avent/Public/MyProjects/MosqiBot/Host/install/camera_client_noui:/home/avent/Public/MyProjects/MosqiBot/ROS2-QT/install/qt_ui_test:/home/avent/Public/MyProjects/MosqiBot/ROS2-QT/install/camera_client_noui:/home/avent/Public/MyProjects/MosqiBot/ROS2-QT/install/camera_client:/home/avent/Public/MyProjects/MosqiBot/ROS2-QT/install/my_interface:/home/avent/Public/MyProjects/MosqiBot/ROS2-QT/install/qtui:/home/avent/Public/MyProjects/MosqiBot/ROS2-QT/install/qt_ui:/home/avent/Public/MyProjects/MosqiBot/Host/install/arduino_pkg:/home/avent/Public/MyProjects/MosqiBot/ROS2-QT/install/arduino_pkg:/opt/ros/humble /usr/bin/cmake --build /home/avent/Public/MyProjects/MosqiBot/Host/build/qt_ui -- -j16 -l16
[10.764s] Invoking command in '/home/avent/Public/MyProjects/MosqiBot/Host/build/qt_ui': CMAKE_PREFIX_PATH=/home/avent/Public/MyProjects/MosqiBot/Host/install/my_interface:/home/avent/Public/MyProjects/MosqiBot/Host/install/qt_ui_test:/home/avent/Public/MyProjects/MosqiBot/Host/install/qt_ui:/home/avent/Public/MyProjects/MosqiBot/Host/install/camera_client:/home/avent/Public/MyProjects/MosqiBot/Host/install/camera_client_noui:/home/avent/Public/MyProjects/MosqiBot/ROS2-QT/install/qt_ui_test:/home/avent/Public/MyProjects/MosqiBot/ROS2-QT/install/camera_client_noui:/home/avent/Public/MyProjects/MosqiBot/ROS2-QT/install/camera_client:/home/avent/Public/MyProjects/MosqiBot/ROS2-QT/install/my_interface:/home/avent/Public/MyProjects/MosqiBot/ROS2-QT/install/qtui:/home/avent/Public/MyProjects/MosqiBot/ROS2-QT/install/qt_ui:/home/avent/Public/MyProjects/MosqiBot/Host/install/arduino_pkg:/home/avent/Public/MyProjects/MosqiBot/ROS2-QT/install/arduino_pkg:/opt/ros/humble /usr/bin/cmake --install /home/avent/Public/MyProjects/MosqiBot/Host/build/qt_ui
[10.769s] -- Install configuration: "Release"
[10.769s] -- Installing: /home/avent/Public/MyProjects/MosqiBot/Host/install/qt_ui/share/ament_index/resource_index/package_run_dependencies/qt_ui
[10.769s] -- Installing: /home/avent/Public/MyProjects/MosqiBot/Host/install/qt_ui/share/ament_index/resource_index/parent_prefix_path/qt_ui
[10.769s] -- Installing: /home/avent/Public/MyProjects/MosqiBot/Host/install/qt_ui/share/qt_ui/environment/ament_prefix_path.sh
[10.769s] -- Installing: /home/avent/Public/MyProjects/MosqiBot/Host/install/qt_ui/share/qt_ui/environment/ament_prefix_path.dsv
[10.769s] -- Installing: /home/avent/Public/MyProjects/MosqiBot/Host/install/qt_ui/share/qt_ui/environment/path.sh
[10.769s] -- Installing: /home/avent/Public/MyProjects/MosqiBot/Host/install/qt_ui/share/qt_ui/environment/path.dsv
[10.769s] -- Installing: /home/avent/Public/MyProjects/MosqiBot/Host/install/qt_ui/share/qt_ui/local_setup.bash
[10.769s] -- Installing: /home/avent/Public/MyProjects/MosqiBot/Host/install/qt_ui/share/qt_ui/local_setup.sh
[10.769s] -- Installing: /home/avent/Public/MyProjects/MosqiBot/Host/install/qt_ui/share/qt_ui/local_setup.zsh
[10.769s] -- Installing: /home/avent/Public/MyProjects/MosqiBot/Host/install/qt_ui/share/qt_ui/local_setup.dsv
[10.769s] -- Installing: /home/avent/Public/MyProjects/MosqiBot/Host/install/qt_ui/share/qt_ui/package.dsv
[10.769s] -- Installing: /home/avent/Public/MyProjects/MosqiBot/Host/install/qt_ui/share/ament_index/resource_index/packages/qt_ui
[10.770s] -- Installing: /home/avent/Public/MyProjects/MosqiBot/Host/install/qt_ui/share/qt_ui/cmake/qt_uiConfig.cmake
[10.770s] -- Installing: /home/avent/Public/MyProjects/MosqiBot/Host/install/qt_ui/share/qt_ui/cmake/qt_uiConfig-version.cmake
[10.770s] -- Installing: /home/avent/Public/MyProjects/MosqiBot/Host/install/qt_ui/share/qt_ui/package.xml
[10.772s] Invoked command in '/home/avent/Public/MyProjects/MosqiBot/Host/build/qt_ui' returned '0': CMAKE_PREFIX_PATH=/home/avent/Public/MyProjects/MosqiBot/Host/install/my_interface:/home/avent/Public/MyProjects/MosqiBot/Host/install/qt_ui_test:/home/avent/Public/MyProjects/MosqiBot/Host/install/qt_ui:/home/avent/Public/MyProjects/MosqiBot/Host/install/camera_client:/home/avent/Public/MyProjects/MosqiBot/Host/install/camera_client_noui:/home/avent/Public/MyProjects/MosqiBot/ROS2-QT/install/qt_ui_test:/home/avent/Public/MyProjects/MosqiBot/ROS2-QT/install/camera_client_noui:/home/avent/Public/MyProjects/MosqiBot/ROS2-QT/install/camera_client:/home/avent/Public/MyProjects/MosqiBot/ROS2-QT/install/my_interface:/home/avent/Public/MyProjects/MosqiBot/ROS2-QT/install/qtui:/home/avent/Public/MyProjects/MosqiBot/ROS2-QT/install/qt_ui:/home/avent/Public/MyProjects/MosqiBot/Host/install/arduino_pkg:/home/avent/Public/MyProjects/MosqiBot/ROS2-QT/install/arduino_pkg:/opt/ros/humble /usr/bin/cmake --install /home/avent/Public/MyProjects/MosqiBot/Host/build/qt_ui
